  [1m[35m (0.5ms)[0m  [1m[35mCREATE TABLE "schema_migrations" ("version" varchar NOT NULL PRIMARY KEY)[0m
  [1m[35m (0.4ms)[0m  [1m[35mCREATE TABLE "ar_internal_metadata" ("key" varchar NOT NULL PRIMARY KEY, "value" varchar, "created_at" datetime(6) NOT NULL, "updated_at" datetime(6) NOT NULL)[0m
  [1m[36mActiveRecord::SchemaMigration Pluck (0.1ms)[0m  [1m[34mSELECT "schema_migrations"."version" FROM "schema_migrations" ORDER BY "schema_migrations"."version" ASC[0m
Migrating to CreateUsers (20230919061450)
  [1m[36mTRANSACTION (0.0ms)[0m  [1m[36mbegin transaction[0m
  [1m[35m (0.3ms)[0m  [1m[35mCREATE TABLE "users" ("id" integer PRIMARY KEY AUTOINCREMENT NOT NULL, "email" varchar, "password_digest" varchar, "created_at" datetime(6) NOT NULL, "updated_at" datetime(6) NOT NULL)[0m
  [1m[36mActiveRecord::SchemaMigration Create (0.1ms)[0m  [1m[32mINSERT INTO "schema_migrations" ("version") VALUES (?)[0m  [["version", "20230919061450"]]
  [1m[36mTRANSACTION (0.5ms)[0m  [1m[36mcommit transaction[0m
  [1m[36mActiveRecord::InternalMetadata Load (0.1ms)[0m  [1m[34mSELECT "ar_internal_metadata".* FROM "ar_internal_metadata" WHERE "ar_internal_metadata"."key" = ? LIMIT ?[0m  [["key", "environment"], ["LIMIT", 1]]
  [1m[36mTRANSACTION (0.0ms)[0m  [1m[36mbegin transaction[0m
  [1m[36mActiveRecord::InternalMetadata Create (0.2ms)[0m  [1m[32mINSERT INTO "ar_internal_metadata" ("key", "value", "created_at", "updated_at") VALUES (?, ?, ?, ?)[0m  [["key", "environment"], ["value", "development"], ["created_at", "2023-09-19 06:14:58.972067"], ["updated_at", "2023-09-19 06:14:58.972067"]]
  [1m[36mTRANSACTION (0.3ms)[0m  [1m[36mcommit transaction[0m
  [1m[36mActiveRecord::SchemaMigration Pluck (0.0ms)[0m  [1m[34mSELECT "schema_migrations"."version" FROM "schema_migrations" ORDER BY "schema_migrations"."version" ASC[0m
  [1m[36mActiveRecord::SchemaMigration Pluck (0.3ms)[0m  [1m[34mSELECT "schema_migrations"."version" FROM "schema_migrations" ORDER BY "schema_migrations"."version" ASC[0m
Migrating to RemovePasswordDigestFromUsers (20230919061809)
  [1m[36mTRANSACTION (0.0ms)[0m  [1m[36mbegin transaction[0m
  [1m[35m (0.0ms)[0m  [1m[35mPRAGMA foreign_keys[0m
  [1m[35m (0.0ms)[0m  [1m[35mPRAGMA defer_foreign_keys[0m
  [1m[35m (0.0ms)[0m  [1m[35mPRAGMA defer_foreign_keys = ON[0m
  [1m[35m (0.0ms)[0m  [1m[35mPRAGMA foreign_keys = OFF[0m
  [1m[35m (0.6ms)[0m  [1m[35mCREATE TEMPORARY TABLE "ausers" ("id" integer NOT NULL PRIMARY KEY, "email" varchar DEFAULT NULL, "password_digest" varchar DEFAULT NULL, "created_at" datetime(6) NOT NULL, "updated_at" datetime(6) NOT NULL)[0m
  [1m[35m (0.2ms)[0m  [1m[32mINSERT INTO "ausers" ("id","email","password_digest","created_at","updated_at")
                     SELECT "id","email","password_digest","created_at","updated_at" FROM "users"[0m
  [1m[35m (0.1ms)[0m  [1m[35mDROP TABLE "users"[0m
  [1m[35m (0.0ms)[0m  [1m[35mCREATE TABLE "users" ("id" integer NOT NULL PRIMARY KEY, "email" varchar DEFAULT NULL, "created_at" datetime(6) NOT NULL, "updated_at" datetime(6) NOT NULL)[0m
  [1m[35m (0.0ms)[0m  [1m[32mINSERT INTO "users" ("id","email","created_at","updated_at")
                     SELECT "id","email","created_at","updated_at" FROM "ausers"[0m
  [1m[35m (0.1ms)[0m  [1m[35mDROP TABLE "ausers"[0m
  [1m[35m (0.7ms)[0m  [1m[35mPRAGMA defer_foreign_keys = 0[0m
  [1m[35m (0.5ms)[0m  [1m[35mPRAGMA foreign_keys = 1[0m
  [1m[36mActiveRecord::SchemaMigration Create (0.1ms)[0m  [1m[32mINSERT INTO "schema_migrations" ("version") VALUES (?)[0m  [["version", "20230919061809"]]
  [1m[36mTRANSACTION (0.6ms)[0m  [1m[36mcommit transaction[0m
  [1m[36mActiveRecord::InternalMetadata Load (0.0ms)[0m  [1m[34mSELECT "ar_internal_metadata".* FROM "ar_internal_metadata" WHERE "ar_internal_metadata"."key" = ? LIMIT ?[0m  [["key", "environment"], ["LIMIT", 1]]
  [1m[36mActiveRecord::SchemaMigration Pluck (0.0ms)[0m  [1m[34mSELECT "schema_migrations"."version" FROM "schema_migrations" ORDER BY "schema_migrations"."version" ASC[0m
  [1m[36mActiveRecord::SchemaMigration Pluck (0.0ms)[0m  [1m[34mSELECT "schema_migrations"."version" FROM "schema_migrations" ORDER BY "schema_migrations"."version" ASC[0m
  [1m[36mActiveRecord::InternalMetadata Load (0.1ms)[0m  [1m[34mSELECT "ar_internal_metadata".* FROM "ar_internal_metadata" WHERE "ar_internal_metadata"."key" = ? LIMIT ?[0m  [["key", "environment"], ["LIMIT", 1]]
  [1m[36mActiveRecord::SchemaMigration Pluck (0.0ms)[0m  [1m[34mSELECT "schema_migrations"."version" FROM "schema_migrations" ORDER BY "schema_migrations"."version" ASC[0m
  [1m[36mActiveRecord::SchemaMigration Pluck (0.0ms)[0m  [1m[34mSELECT "schema_migrations"."version" FROM "schema_migrations" ORDER BY "schema_migrations"."version" ASC[0m
Migrating to AddpasswordFromUsers (20230919062105)
  [1m[36mTRANSACTION (0.0ms)[0m  [1m[36mbegin transaction[0m
  [1m[35m (0.5ms)[0m  [1m[35mALTER TABLE "users" ADD "password" varchar[0m
  [1m[36mActiveRecord::SchemaMigration Create (0.1ms)[0m  [1m[32mINSERT INTO "schema_migrations" ("version") VALUES (?)[0m  [["version", "20230919062105"]]
  [1m[36mTRANSACTION (0.3ms)[0m  [1m[36mcommit transaction[0m
  [1m[36mActiveRecord::InternalMetadata Load (0.5ms)[0m  [1m[34mSELECT "ar_internal_metadata".* FROM "ar_internal_metadata" WHERE "ar_internal_metadata"."key" = ? LIMIT ?[0m  [["key", "environment"], ["LIMIT", 1]]
  [1m[36mActiveRecord::SchemaMigration Pluck (0.0ms)[0m  [1m[34mSELECT "schema_migrations"."version" FROM "schema_migrations" ORDER BY "schema_migrations"."version" ASC[0m
  [1m[36mTRANSACTION (0.1ms)[0m  [1m[36mbegin transaction[0m
  [1m[36mUser Exists? (0.3ms)[0m  [1m[34mSELECT 1 AS one FROM "users" WHERE "users"."email" = ? LIMIT ?[0m  [["email", "yuvi@gmail.com"], ["LIMIT", 1]]
  [1m[36mUser Create (0.6ms)[0m  [1m[32mINSERT INTO "users" ("email", "created_at", "updated_at", "password") VALUES (?, ?, ?, ?)[0m  [["email", "yuvi@gmail.com"], ["created_at", "2023-09-19 06:21:53.105002"], ["updated_at", "2023-09-19 06:21:53.105002"], ["password", "[FILTERED]"]]
  [1m[36mTRANSACTION (0.9ms)[0m  [1m[36mcommit transaction[0m
  [1m[36mUser Load (0.3ms)[0m  [1m[34mSELECT "users".* FROM "users"[0m
Started GET "/" for 127.0.0.1 at 2023-09-19 11:52:37 +0530
  [1m[36mActiveRecord::SchemaMigration Pluck (0.1ms)[0m  [1m[34mSELECT "schema_migrations"."version" FROM "schema_migrations" ORDER BY "schema_migrations"."version" ASC[0m
Processing by SessionsController#new as HTML
  Rendering layout layouts/application.html.erb
  Rendering sessions/new.html.erb within layouts/application
  Rendered sessions/new.html.erb within layouts/application (Duration: 6.3ms | Allocations: 2790)
  Rendered layout layouts/application.html.erb (Duration: 227.7ms | Allocations: 89703)
Completed 200 OK in 240ms (Views: 230.3ms | ActiveRecord: 0.0ms | Allocations: 96642)


Started POST "/login" for 127.0.0.1 at 2023-09-19 11:53:04 +0530
Processing by SessionsController#create as TURBO_STREAM
  Parameters: {"authenticity_token"=>"[FILTERED]", "session"=>{"email"=>"yuvi@gmail.com", "password"=>"[FILTERED]"}, "commit"=>"Log in"}
  [1m[36mUser Load (0.2ms)[0m  [1m[34mSELECT "users".* FROM "users" WHERE "users"."email" = ? LIMIT ?[0m  [["email", "yuvi@gmail.com"], ["LIMIT", 1]]
  ↳ app/controllers/sessions_controller.rb:6:in `create'
Completed 500 Internal Server Error in 14ms (ActiveRecord: 0.8ms | Allocations: 7927)


  
NoMethodError (undefined method `authenticate' for #<User id: 1, email: "yuvi@gmail.com", created_at: "2023-09-19 06:21:53.105002000 +0000", updated_at: "2023-09-19 06:21:53.105002000 +0000", password: [FILTERED]>):
  
app/controllers/sessions_controller.rb:7:in `create'
Started GET "/" for 127.0.0.1 at 2023-09-19 11:54:42 +0530
  [1m[36mActiveRecord::SchemaMigration Pluck (0.0ms)[0m  [1m[34mSELECT "schema_migrations"."version" FROM "schema_migrations" ORDER BY "schema_migrations"."version" ASC[0m
Processing by SessionsController#new as HTML
  Rendering layout layouts/application.html.erb
  Rendering sessions/new.html.erb within layouts/application
  Rendered sessions/new.html.erb within layouts/application (Duration: 2.9ms | Allocations: 2228)
  Rendered layout layouts/application.html.erb (Duration: 23.9ms | Allocations: 35580)
Completed 200 OK in 30ms (Views: 25.3ms | ActiveRecord: 0.0ms | Allocations: 39521)


Started POST "/login" for 127.0.0.1 at 2023-09-19 11:54:49 +0530
Processing by SessionsController#create as TURBO_STREAM
  Parameters: {"authenticity_token"=>"[FILTERED]", "session"=>{"email"=>"yuvi@gmail.com", "password"=>"[FILTERED]"}, "commit"=>"Log in"}
  [1m[36mUser Load (0.4ms)[0m  [1m[34mSELECT "users".* FROM "users" WHERE "users"."email" = ? LIMIT ?[0m  [["email", "yuvi@gmail.com"], ["LIMIT", 1]]
  ↳ app/controllers/sessions_controller.rb:6:in `create'
Redirected to http://127.0.0.1:3000/welcome
Completed 302 Found in 17ms (ActiveRecord: 1.1ms | Allocations: 7460)


Started GET "/welcome" for 127.0.0.1 at 2023-09-19 11:54:49 +0530
Processing by WelcomeController#index as TURBO_STREAM
  Rendering layout layouts/application.html.erb
  Rendering welcome/index.html.erb within layouts/application
  Rendered welcome/index.html.erb within layouts/application (Duration: 0.7ms | Allocations: 221)
  Rendered layout layouts/application.html.erb (Duration: 3.9ms | Allocations: 2640)
Completed 200 OK in 6ms (Views: 5.4ms | ActiveRecord: 0.0ms | Allocations: 3331)


Started GET "/" for 127.0.0.1 at 2023-09-19 11:54:57 +0530
Processing by SessionsController#new as HTML
  Rendering layout layouts/application.html.erb
  Rendering sessions/new.html.erb within layouts/application
  Rendered sessions/new.html.erb within layouts/application (Duration: 1.4ms | Allocations: 739)
  Rendered layout layouts/application.html.erb (Duration: 4.5ms | Allocations: 2845)
Completed 200 OK in 6ms (Views: 4.9ms | ActiveRecord: 0.0ms | Allocations: 3107)


Started POST "/login" for 127.0.0.1 at 2023-09-19 11:55:09 +0530
Processing by SessionsController#create as TURBO_STREAM
  Parameters: {"authenticity_token"=>"[FILTERED]", "session"=>{"email"=>"yuvi@gmail.com", "password"=>"[FILTERED]"}, "commit"=>"Log in"}
  [1m[36mUser Load (0.2ms)[0m  [1m[34mSELECT "users".* FROM "users" WHERE "users"."email" = ? LIMIT ?[0m  [["email", "yuvi@gmail.com"], ["LIMIT", 1]]
  ↳ app/controllers/sessions_controller.rb:6:in `create'
  Rendering layout layouts/application.html.erb
  Rendering sessions/new.html.erb within layouts/application
  Rendered sessions/new.html.erb within layouts/application (Duration: 1.4ms | Allocations: 515)
  Rendered layout layouts/application.html.erb (Duration: 6.8ms | Allocations: 2613)
Completed 200 OK in 11ms (Views: 7.6ms | ActiveRecord: 0.2ms | Allocations: 3650)


Started POST "/login" for 127.0.0.1 at 2023-09-19 11:55:10 +0530
Processing by SessionsController#create as TURBO_STREAM
  Parameters: {"authenticity_token"=>"[FILTERED]", "session"=>{"email"=>"yuvi@gmail.com", "password"=>"[FILTERED]"}, "commit"=>"Log in"}
  [1m[36mUser Load (0.2ms)[0m  [1m[34mSELECT "users".* FROM "users" WHERE "users"."email" = ? LIMIT ?[0m  [["email", "yuvi@gmail.com"], ["LIMIT", 1]]
  ↳ app/controllers/sessions_controller.rb:6:in `create'
  Rendering layout layouts/application.html.erb
  Rendering sessions/new.html.erb within layouts/application
  Rendered sessions/new.html.erb within layouts/application (Duration: 1.4ms | Allocations: 514)
  Rendered layout layouts/application.html.erb (Duration: 7.7ms | Allocations: 2612)
Completed 200 OK in 13ms (Views: 8.8ms | ActiveRecord: 0.2ms | Allocations: 3640)


Started POST "/login" for 127.0.0.1 at 2023-09-19 11:55:10 +0530
Processing by SessionsController#create as TURBO_STREAM
  Parameters: {"authenticity_token"=>"[FILTERED]", "session"=>{"email"=>"yuvi@gmail.com", "password"=>"[FILTERED]"}, "commit"=>"Log in"}
  [1m[36mUser Load (0.2ms)[0m  [1m[34mSELECT "users".* FROM "users" WHERE "users"."email" = ? LIMIT ?[0m  [["email", "yuvi@gmail.com"], ["LIMIT", 1]]
  ↳ app/controllers/sessions_controller.rb:6:in `create'
  Rendering layout layouts/application.html.erb
  Rendering sessions/new.html.erb within layouts/application
  Rendered sessions/new.html.erb within layouts/application (Duration: 1.4ms | Allocations: 514)
  Rendered layout layouts/application.html.erb (Duration: 6.4ms | Allocations: 2611)
Completed 200 OK in 11ms (Views: 7.2ms | ActiveRecord: 0.2ms | Allocations: 3626)


Started POST "/login" for 127.0.0.1 at 2023-09-19 11:55:11 +0530
Processing by SessionsController#create as TURBO_STREAM
  Parameters: {"authenticity_token"=>"[FILTERED]", "session"=>{"email"=>"yuvi@gmail.com", "password"=>"[FILTERED]"}, "commit"=>"Log in"}
  [1m[36mUser Load (0.2ms)[0m  [1m[34mSELECT "users".* FROM "users" WHERE "users"."email" = ? LIMIT ?[0m  [["email", "yuvi@gmail.com"], ["LIMIT", 1]]
  ↳ app/controllers/sessions_controller.rb:6:in `create'
  Rendering layout layouts/application.html.erb
  Rendering sessions/new.html.erb within layouts/application
  Rendered sessions/new.html.erb within layouts/application (Duration: 1.1ms | Allocations: 514)
  Rendered layout layouts/application.html.erb (Duration: 6.3ms | Allocations: 2611)
Completed 200 OK in 10ms (Views: 7.1ms | ActiveRecord: 0.2ms | Allocations: 3632)


Started POST "/login" for 127.0.0.1 at 2023-09-19 11:55:11 +0530
Processing by SessionsController#create as TURBO_STREAM
  Parameters: {"authenticity_token"=>"[FILTERED]", "session"=>{"email"=>"yuvi@gmail.com", "password"=>"[FILTERED]"}, "commit"=>"Log in"}
  [1m[36mUser Load (0.3ms)[0m  [1m[34mSELECT "users".* FROM "users" WHERE "users"."email" = ? LIMIT ?[0m  [["email", "yuvi@gmail.com"], ["LIMIT", 1]]
  ↳ app/controllers/sessions_controller.rb:6:in `create'
  Rendering layout layouts/application.html.erb
  Rendering sessions/new.html.erb within layouts/application
  Rendered sessions/new.html.erb within layouts/application (Duration: 1.5ms | Allocations: 514)
  Rendered layout layouts/application.html.erb (Duration: 10.8ms | Allocations: 2611)
Completed 200 OK in 15ms (Views: 11.6ms | ActiveRecord: 0.3ms | Allocations: 3611)


Started GET "/" for 127.0.0.1 at 2023-09-19 11:56:49 +0530
Processing by SessionsController#new as HTML
  Rendering layout layouts/application.html.erb
  Rendering sessions/new.html.erb within layouts/application
  Rendered sessions/new.html.erb within layouts/application (Duration: 2.7ms | Allocations: 1127)
  Rendered layout layouts/application.html.erb (Duration: 11.4ms | Allocations: 3521)
Completed 200 OK in 36ms (Views: 13.7ms | ActiveRecord: 0.0ms | Allocations: 4340)


Started GET "/" for 127.0.0.1 at 2023-09-19 11:57:02 +0530
Processing by SessionsController#new as HTML
  Rendering layout layouts/application.html.erb
  Rendering sessions/new.html.erb within layouts/application
  Rendered sessions/new.html.erb within layouts/application (Duration: 6.8ms | Allocations: 1074)
  Rendered layout layouts/application.html.erb (Duration: 15.6ms | Allocations: 3452)
Completed 200 OK in 22ms (Views: 19.3ms | ActiveRecord: 0.0ms | Allocations: 4271)


Started POST "/login" for 127.0.0.1 at 2023-09-19 11:57:06 +0530
Processing by SessionsController#create as TURBO_STREAM
  Parameters: {"authenticity_token"=>"[FILTERED]", "session"=>{"email"=>"yuvi@gmail.com", "password"=>"[FILTERED]"}, "commit"=>"Log in"}
  [1m[36mUser Load (0.3ms)[0m  [1m[34mSELECT "users".* FROM "users" WHERE "users"."email" = ? LIMIT ?[0m  [["email", "yuvi@gmail.com"], ["LIMIT", 1]]
  ↳ app/controllers/sessions_controller.rb:6:in `create'
  Rendering layout layouts/application.html.erb
  Rendering sessions/new.html.erb within layouts/application
  Rendered sessions/new.html.erb within layouts/application (Duration: 1.0ms | Allocations: 517)
  Rendered layout layouts/application.html.erb (Duration: 6.8ms | Allocations: 2614)
Completed 200 OK in 13ms (Views: 7.5ms | ActiveRecord: 0.3ms | Allocations: 3684)


Started GET "/" for 127.0.0.1 at 2023-09-19 11:57:07 +0530
Processing by SessionsController#new as HTML
  Rendering layout layouts/application.html.erb
  Rendering sessions/new.html.erb within layouts/application
  Rendered sessions/new.html.erb within layouts/application (Duration: 2.9ms | Allocations: 747)
  Rendered layout layouts/application.html.erb (Duration: 7.8ms | Allocations: 2852)
Completed 200 OK in 10ms (Views: 8.7ms | ActiveRecord: 0.0ms | Allocations: 3109)


Started GET "/" for 127.0.0.1 at 2023-09-19 12:00:10 +0530
  [1m[36mActiveRecord::SchemaMigration Pluck (0.1ms)[0m  [1m[34mSELECT "schema_migrations"."version" FROM "schema_migrations" ORDER BY "schema_migrations"."version" ASC[0m
Processing by SessionsController#new as HTML
  Rendering layout layouts/application.html.erb
  Rendering sessions/new.html.erb within layouts/application
  Rendered sessions/new.html.erb within layouts/application (Duration: 3.3ms | Allocations: 2271)
  Rendered layout layouts/application.html.erb (Duration: 24.5ms | Allocations: 35606)
Completed 200 OK in 31ms (Views: 26.1ms | ActiveRecord: 0.0ms | Allocations: 39546)


Started POST "/login" for 127.0.0.1 at 2023-09-19 12:00:16 +0530
Processing by SessionsController#create as TURBO_STREAM
  Parameters: {"authenticity_token"=>"[FILTERED]", "session"=>{"email"=>"yuvi@gmail.com", "password"=>"[FILTERED]"}, "commit"=>"Log in"}
  [1m[36mUser Load (0.3ms)[0m  [1m[34mSELECT "users".* FROM "users" WHERE "users"."email" = ? LIMIT ?[0m  [["email", "yuvi@gmail.com"], ["LIMIT", 1]]
  ↳ app/controllers/sessions_controller.rb:6:in `create'
  Rendering layout layouts/application.html.erb
  Rendering sessions/new.html.erb within layouts/application
  Rendered sessions/new.html.erb within layouts/application (Duration: 0.9ms | Allocations: 518)
  Rendered layout layouts/application.html.erb (Duration: 4.1ms | Allocations: 2616)
Completed 200 OK in 20ms (Views: 4.8ms | ActiveRecord: 1.0ms | Allocations: 10204)


Started POST "/login" for 127.0.0.1 at 2023-09-19 12:00:17 +0530
Processing by SessionsController#create as TURBO_STREAM
  Parameters: {"authenticity_token"=>"[FILTERED]", "session"=>{"email"=>"yuvi@gmail.com", "password"=>"[FILTERED]"}, "commit"=>"Log in"}
  [1m[36mUser Load (0.3ms)[0m  [1m[34mSELECT "users".* FROM "users" WHERE "users"."email" = ? LIMIT ?[0m  [["email", "yuvi@gmail.com"], ["LIMIT", 1]]
  ↳ app/controllers/sessions_controller.rb:6:in `create'
  Rendering layout layouts/application.html.erb
  Rendering sessions/new.html.erb within layouts/application
  Rendered sessions/new.html.erb within layouts/application (Duration: 1.3ms | Allocations: 517)
  Rendered layout layouts/application.html.erb (Duration: 4.9ms | Allocations: 2615)
Completed 200 OK in 9ms (Views: 5.8ms | ActiveRecord: 0.3ms | Allocations: 3637)


Started POST "/login" for 127.0.0.1 at 2023-09-19 12:00:18 +0530
Processing by SessionsController#create as TURBO_STREAM
  Parameters: {"authenticity_token"=>"[FILTERED]", "session"=>{"email"=>"yuvi@gmail.com", "password"=>"[FILTERED]"}, "commit"=>"Log in"}
  [1m[36mUser Load (0.2ms)[0m  [1m[34mSELECT "users".* FROM "users" WHERE "users"."email" = ? LIMIT ?[0m  [["email", "yuvi@gmail.com"], ["LIMIT", 1]]
  ↳ app/controllers/sessions_controller.rb:6:in `create'
  Rendering layout layouts/application.html.erb
  Rendering sessions/new.html.erb within layouts/application
  Rendered sessions/new.html.erb within layouts/application (Duration: 1.4ms | Allocations: 517)
  Rendered layout layouts/application.html.erb (Duration: 6.9ms | Allocations: 2614)
Completed 200 OK in 12ms (Views: 8.0ms | ActiveRecord: 0.2ms | Allocations: 3646)


Started POST "/login" for 127.0.0.1 at 2023-09-19 12:00:18 +0530
Processing by SessionsController#create as TURBO_STREAM
  Parameters: {"authenticity_token"=>"[FILTERED]", "session"=>{"email"=>"yuvi@gmail.com", "password"=>"[FILTERED]"}, "commit"=>"Log in"}
  [1m[36mUser Load (0.2ms)[0m  [1m[34mSELECT "users".* FROM "users" WHERE "users"."email" = ? LIMIT ?[0m  [["email", "yuvi@gmail.com"], ["LIMIT", 1]]
  ↳ app/controllers/sessions_controller.rb:6:in `create'
  Rendering layout layouts/application.html.erb
  Rendering sessions/new.html.erb within layouts/application
  Rendered sessions/new.html.erb within layouts/application (Duration: 1.4ms | Allocations: 517)
  Rendered layout layouts/application.html.erb (Duration: 7.3ms | Allocations: 2614)
Completed 200 OK in 12ms (Views: 8.1ms | ActiveRecord: 0.2ms | Allocations: 3622)


Started GET "/" for 127.0.0.1 at 2023-09-19 12:00:19 +0530
Processing by SessionsController#new as HTML
  Rendering layout layouts/application.html.erb
  Rendering sessions/new.html.erb within layouts/application
  Rendered sessions/new.html.erb within layouts/application (Duration: 1.3ms | Allocations: 751)
  Rendered layout layouts/application.html.erb (Duration: 5.5ms | Allocations: 2857)
Completed 200 OK in 7ms (Views: 6.1ms | ActiveRecord: 0.0ms | Allocations: 3117)


Started GET "/" for 127.0.0.1 at 2023-09-19 12:00:20 +0530
Processing by SessionsController#new as HTML
  Rendering layout layouts/application.html.erb
  Rendering sessions/new.html.erb within layouts/application
  Rendered sessions/new.html.erb within layouts/application (Duration: 1.4ms | Allocations: 742)
  Rendered layout layouts/application.html.erb (Duration: 4.7ms | Allocations: 2847)
Completed 200 OK in 6ms (Views: 5.2ms | ActiveRecord: 0.0ms | Allocations: 3104)


Started GET "/" for 127.0.0.1 at 2023-09-19 12:00:20 +0530
Processing by SessionsController#new as HTML
  Rendering layout layouts/application.html.erb
  Rendering sessions/new.html.erb within layouts/application
  Rendered sessions/new.html.erb within layouts/application (Duration: 1.9ms | Allocations: 733)
  Rendered layout layouts/application.html.erb (Duration: 6.9ms | Allocations: 2839)
Completed 200 OK in 9ms (Views: 7.9ms | ActiveRecord: 0.0ms | Allocations: 3098)


Started GET "/" for 127.0.0.1 at 2023-09-19 12:00:20 +0530
Processing by SessionsController#new as HTML
  Rendering layout layouts/application.html.erb
  Rendering sessions/new.html.erb within layouts/application
  Rendered sessions/new.html.erb within layouts/application (Duration: 1.3ms | Allocations: 754)
  Rendered layout layouts/application.html.erb (Duration: 7.9ms | Allocations: 2859)
Completed 200 OK in 10ms (Views: 8.6ms | ActiveRecord: 0.0ms | Allocations: 3116)


Started POST "/login" for 127.0.0.1 at 2023-09-19 12:00:25 +0530
Processing by SessionsController#create as TURBO_STREAM
  Parameters: {"authenticity_token"=>"[FILTERED]", "session"=>{"email"=>"yuvi@gmail.com", "password"=>"[FILTERED]"}, "commit"=>"Log in"}
  [1m[36mUser Load (0.2ms)[0m  [1m[34mSELECT "users".* FROM "users" WHERE "users"."email" = ? LIMIT ?[0m  [["email", "yuvi@gmail.com"], ["LIMIT", 1]]
  ↳ app/controllers/sessions_controller.rb:6:in `create'
  Rendering layout layouts/application.html.erb
  Rendering sessions/new.html.erb within layouts/application
  Rendered sessions/new.html.erb within layouts/application (Duration: 0.8ms | Allocations: 517)
  Rendered layout layouts/application.html.erb (Duration: 4.8ms | Allocations: 2633)
Completed 200 OK in 21ms (Views: 5.4ms | ActiveRecord: 0.2ms | Allocations: 3659)


Started POST "/login" for 127.0.0.1 at 2023-09-19 12:00:25 +0530
Processing by SessionsController#create as TURBO_STREAM
  Parameters: {"authenticity_token"=>"[FILTERED]", "session"=>{"email"=>"yuvi@gmail.com", "password"=>"[FILTERED]"}, "commit"=>"Log in"}
  [1m[36mUser Load (0.3ms)[0m  [1m[34mSELECT "users".* FROM "users" WHERE "users"."email" = ? LIMIT ?[0m  [["email", "yuvi@gmail.com"], ["LIMIT", 1]]
  ↳ app/controllers/sessions_controller.rb:6:in `create'
  Rendering layout layouts/application.html.erb
  Rendering sessions/new.html.erb within layouts/application
  Rendered sessions/new.html.erb within layouts/application (Duration: 2.7ms | Allocations: 517)
  Rendered layout layouts/application.html.erb (Duration: 7.5ms | Allocations: 2617)
Completed 200 OK in 12ms (Views: 8.3ms | ActiveRecord: 0.3ms | Allocations: 3633)


Started POST "/login" for 127.0.0.1 at 2023-09-19 12:00:26 +0530
Processing by SessionsController#create as TURBO_STREAM
  Parameters: {"authenticity_token"=>"[FILTERED]", "session"=>{"email"=>"yuvi@gmail.com", "password"=>"[FILTERED]"}, "commit"=>"Log in"}
  [1m[36mUser Load (0.2ms)[0m  [1m[34mSELECT "users".* FROM "users" WHERE "users"."email" = ? LIMIT ?[0m  [["email", "yuvi@gmail.com"], ["LIMIT", 1]]
  ↳ app/controllers/sessions_controller.rb:6:in `create'
  Rendering layout layouts/application.html.erb
  Rendering sessions/new.html.erb within layouts/application
  Rendered sessions/new.html.erb within layouts/application (Duration: 1.4ms | Allocations: 517)
  Rendered layout layouts/application.html.erb (Duration: 6.4ms | Allocations: 2614)
Completed 200 OK in 11ms (Views: 7.2ms | ActiveRecord: 0.2ms | Allocations: 3637)


Started GET "/" for 127.0.0.1 at 2023-09-19 12:03:57 +0530
Processing by SessionsController#new as HTML
  Rendering layout layouts/application.html.erb
  Rendering sessions/new.html.erb within layouts/application
  Rendered sessions/new.html.erb within layouts/application (Duration: 8.6ms | Allocations: 1075)
  Rendered layout layouts/application.html.erb (Duration: 23.8ms | Allocations: 3489)
Completed 200 OK in 31ms (Views: 27.8ms | ActiveRecord: 0.0ms | Allocations: 4305)


Started POST "/login" for 127.0.0.1 at 2023-09-19 12:04:01 +0530
Processing by SessionsController#create as TURBO_STREAM
  Parameters: {"authenticity_token"=>"[FILTERED]", "session"=>{"email"=>"yuvi@gmail.com", "password"=>"[FILTERED]"}, "commit"=>"Log in"}
  [1m[36mUser Load (0.4ms)[0m  [1m[34mSELECT "users".* FROM "users" WHERE "users"."email" = ? LIMIT ?[0m  [["email", "yuvi@gmail.com"], ["LIMIT", 1]]
  ↳ app/controllers/sessions_controller.rb:6:in `create'
  Rendering layout layouts/application.html.erb
  Rendering sessions/new.html.erb within layouts/application
  Rendered sessions/new.html.erb within layouts/application (Duration: 1.1ms | Allocations: 517)
  Rendered layout layouts/application.html.erb (Duration: 6.7ms | Allocations: 2644)
Completed 200 OK in 13ms (Views: 7.4ms | ActiveRecord: 0.4ms | Allocations: 3702)


Started GET "/" for 127.0.0.1 at 2023-09-19 12:04:12 +0530
Processing by SessionsController#new as HTML
  Rendering layout layouts/application.html.erb
  Rendering sessions/new.html.erb within layouts/application
  Rendered sessions/new.html.erb within layouts/application (Duration: 3.1ms | Allocations: 1073)
  Rendered layout layouts/application.html.erb (Duration: 7.9ms | Allocations: 3450)
Completed 200 OK in 14ms (Views: 12.2ms | ActiveRecord: 0.0ms | Allocations: 4263)


Started GET "/" for 127.0.0.1 at 2023-09-19 12:05:17 +0530
Processing by SessionsController#new as HTML
  Rendering layout layouts/application.html.erb
  Rendering sessions/new.html.erb within layouts/application
  Rendered sessions/new.html.erb within layouts/application (Duration: 1.4ms | Allocations: 1102)
  Rendered layout layouts/application.html.erb (Duration: 10.0ms | Allocations: 14181)
Completed 200 OK in 12ms (Views: 10.9ms | ActiveRecord: 0.0ms | Allocations: 15079)


Started POST "/login" for 127.0.0.1 at 2023-09-19 12:05:22 +0530
Processing by SessionsController#create as TURBO_STREAM
  Parameters: {"authenticity_token"=>"[FILTERED]", "session"=>{"email"=>"yuvi@gmail.com", "password"=>"[FILTERED]"}, "commit"=>"Log in"}
  [1m[36mUser Load (0.6ms)[0m  [1m[34mSELECT "users".* FROM "users" WHERE "users"."email" = ? LIMIT ?[0m  [["email", "yuvi@gmail.com"], ["LIMIT", 1]]
  ↳ app/controllers/sessions_controller.rb:6:in `create'
  Rendering layout layouts/application.html.erb
  Rendering sessions/new.html.erb within layouts/application
  Rendered sessions/new.html.erb within layouts/application (Duration: 1.1ms | Allocations: 517)
  Rendered layout layouts/application.html.erb (Duration: 4.6ms | Allocations: 2644)
Completed 200 OK in 20ms (Views: 5.2ms | ActiveRecord: 2.0ms | Allocations: 6208)


Started POST "/login" for 127.0.0.1 at 2023-09-19 12:05:22 +0530
Processing by SessionsController#create as TURBO_STREAM
  Parameters: {"authenticity_token"=>"[FILTERED]", "session"=>{"email"=>"yuvi@gmail.com", "password"=>"[FILTERED]"}, "commit"=>"Log in"}
  [1m[36mUser Load (0.2ms)[0m  [1m[34mSELECT "users".* FROM "users" WHERE "users"."email" = ? LIMIT ?[0m  [["email", "yuvi@gmail.com"], ["LIMIT", 1]]
  ↳ app/controllers/sessions_controller.rb:6:in `create'
  Rendering layout layouts/application.html.erb
  Rendering sessions/new.html.erb within layouts/application
  Rendered sessions/new.html.erb within layouts/application (Duration: 0.9ms | Allocations: 517)
  Rendered layout layouts/application.html.erb (Duration: 4.5ms | Allocations: 2643)
Completed 200 OK in 8ms (Views: 5.2ms | ActiveRecord: 0.2ms | Allocations: 3681)


Started POST "/login" for 127.0.0.1 at 2023-09-19 12:05:22 +0530
Processing by SessionsController#create as TURBO_STREAM
  Parameters: {"authenticity_token"=>"[FILTERED]", "session"=>{"email"=>"yuvi@gmail.com", "password"=>"[FILTERED]"}, "commit"=>"Log in"}
  [1m[36mUser Load (0.1ms)[0m  [1m[34mSELECT "users".* FROM "users" WHERE "users"."email" = ? LIMIT ?[0m  [["email", "yuvi@gmail.com"], ["LIMIT", 1]]
  ↳ app/controllers/sessions_controller.rb:6:in `create'
  Rendering layout layouts/application.html.erb
  Rendering sessions/new.html.erb within layouts/application
  Rendered sessions/new.html.erb within layouts/application (Duration: 1.2ms | Allocations: 517)
  Rendered layout layouts/application.html.erb (Duration: 5.8ms | Allocations: 2643)
Completed 200 OK in 9ms (Views: 6.4ms | ActiveRecord: 0.1ms | Allocations: 3667)


Started POST "/login" for 127.0.0.1 at 2023-09-19 12:06:25 +0530
Processing by SessionsController#create as TURBO_STREAM
  Parameters: {"authenticity_token"=>"[FILTERED]", "session"=>{"email"=>"yuvi@gmail.com", "password"=>"[FILTERED]"}, "commit"=>"Log in"}
  [1m[36mUser Load (0.1ms)[0m  [1m[34mSELECT "users".* FROM "users" WHERE "users"."email" = ? LIMIT ?[0m  [["email", "yuvi@gmail.com"], ["LIMIT", 1]]
  ↳ app/controllers/sessions_controller.rb:6:in `create'
Redirected to http://127.0.0.1:3000/welcome
Completed 302 Found in 8ms (ActiveRecord: 0.1ms | Allocations: 971)


Started GET "/welcome" for 127.0.0.1 at 2023-09-19 12:06:25 +0530
Processing by WelcomeController#index as TURBO_STREAM
  Rendering layout layouts/application.html.erb
  Rendering welcome/index.html.erb within layouts/application
  Rendered welcome/index.html.erb within layouts/application (Duration: 0.5ms | Allocations: 224)
  Rendered layout layouts/application.html.erb (Duration: 4.0ms | Allocations: 2713)
Completed 200 OK in 5ms (Views: 4.8ms | ActiveRecord: 0.0ms | Allocations: 3360)


Started GET "/logout" for 127.0.0.1 at 2023-09-19 12:06:29 +0530
  
ActionController::RoutingError (No route matches [GET] "/logout"):
  
Started GET "/logout" for 127.0.0.1 at 2023-09-19 12:06:46 +0530
  
ActionController::RoutingError (No route matches [GET] "/logout"):
  
Started GET "/logout" for 127.0.0.1 at 2023-09-19 12:06:46 +0530
  
ActionController::RoutingError (No route matches [GET] "/logout"):
  
Started GET "/" for 127.0.0.1 at 2023-09-19 12:06:49 +0530
Processing by SessionsController#new as HTML
  Rendering layout layouts/application.html.erb
  Rendering sessions/new.html.erb within layouts/application
  Rendered sessions/new.html.erb within layouts/application (Duration: 3.1ms | Allocations: 1079)
  Rendered layout layouts/application.html.erb (Duration: 9.2ms | Allocations: 3473)
Completed 200 OK in 13ms (Views: 11.9ms | ActiveRecord: 0.0ms | Allocations: 4245)


Started GET "/" for 127.0.0.1 at 2023-09-19 12:06:50 +0530
Processing by SessionsController#new as HTML
  Rendering layout layouts/application.html.erb
  Rendering sessions/new.html.erb within layouts/application
  Rendered sessions/new.html.erb within layouts/application (Duration: 1.7ms | Allocations: 748)
  Rendered layout layouts/application.html.erb (Duration: 5.6ms | Allocations: 2853)
Completed 200 OK in 7ms (Views: 6.3ms | ActiveRecord: 0.0ms | Allocations: 3110)


Started POST "/login" for 127.0.0.1 at 2023-09-19 12:06:56 +0530
Processing by SessionsController#create as TURBO_STREAM
  Parameters: {"authenticity_token"=>"[FILTERED]", "session"=>{"email"=>"yuvi@gmail.com", "password"=>"[FILTERED]"}, "commit"=>"Log in"}
  [1m[36mUser Load (0.2ms)[0m  [1m[34mSELECT "users".* FROM "users" WHERE "users"."email" = ? LIMIT ?[0m  [["email", "yuvi@gmail.com"], ["LIMIT", 1]]
  ↳ app/controllers/sessions_controller.rb:6:in `create'
Redirected to http://127.0.0.1:3000/welcome
Completed 302 Found in 4ms (ActiveRecord: 0.2ms | Allocations: 880)


Started GET "/welcome" for 127.0.0.1 at 2023-09-19 12:06:56 +0530
Processing by WelcomeController#index as TURBO_STREAM
  Rendering layout layouts/application.html.erb
  Rendering welcome/index.html.erb within layouts/application
  Rendered welcome/index.html.erb within layouts/application (Duration: 0.9ms | Allocations: 203)
  Rendered layout layouts/application.html.erb (Duration: 7.1ms | Allocations: 2617)
Completed 200 OK in 10ms (Views: 9.2ms | ActiveRecord: 0.0ms | Allocations: 3227)


Started GET "/logout" for 127.0.0.1 at 2023-09-19 12:06:57 +0530
  
ActionController::RoutingError (No route matches [GET] "/logout"):
  
Started GET "/welcome" for 127.0.0.1 at 2023-09-19 12:08:36 +0530
Processing by WelcomeController#index as HTML
  Rendering layout layouts/application.html.erb
  Rendering welcome/index.html.erb within layouts/application
  Rendered welcome/index.html.erb within layouts/application (Duration: 0.6ms | Allocations: 237)
  Rendered layout layouts/application.html.erb (Duration: 10.6ms | Allocations: 13523)
Completed 200 OK in 12ms (Views: 11.4ms | ActiveRecord: 0.0ms | Allocations: 14422)


Started GET "/logout" for 127.0.0.1 at 2023-09-19 12:08:40 +0530
  
ActionController::RoutingError (No route matches [GET] "/logout"):
  
Started GET "/welcome" for 127.0.0.1 at 2023-09-19 12:08:40 +0530
Processing by WelcomeController#index as HTML
  Rendering layout layouts/application.html.erb
  Rendering welcome/index.html.erb within layouts/application
  Rendered welcome/index.html.erb within layouts/application (Duration: 0.2ms | Allocations: 77)
  Rendered layout layouts/application.html.erb (Duration: 3.6ms | Allocations: 2430)
Completed 200 OK in 5ms (Views: 4.2ms | ActiveRecord: 0.0ms | Allocations: 2687)


Started GET "/" for 127.0.0.1 at 2023-09-19 12:08:41 +0530
Processing by SessionsController#new as HTML
  Rendering layout layouts/application.html.erb
  Rendering sessions/new.html.erb within layouts/application
  Rendered sessions/new.html.erb within layouts/application (Duration: 2.1ms | Allocations: 1079)
  Rendered layout layouts/application.html.erb (Duration: 5.4ms | Allocations: 3258)
Completed 200 OK in 8ms (Views: 7.1ms | ActiveRecord: 0.0ms | Allocations: 3901)


Started GET "/" for 127.0.0.1 at 2023-09-19 12:09:47 +0530
Processing by SessionsController#new as HTML
  Rendering layout layouts/application.html.erb
  Rendering sessions/new.html.erb within layouts/application
  Rendered sessions/new.html.erb within layouts/application (Duration: 1.0ms | Allocations: 822)
  Rendered layout layouts/application.html.erb (Duration: 9.7ms | Allocations: 13667)
Completed 200 OK in 11ms (Views: 10.3ms | ActiveRecord: 0.0ms | Allocations: 14189)


Started POST "/login" for 127.0.0.1 at 2023-09-19 12:09:51 +0530
Processing by SessionsController#create as TURBO_STREAM
  Parameters: {"authenticity_token"=>"[FILTERED]", "session"=>{"email"=>"yuvi@gmail.com", "password"=>"[FILTERED]"}, "commit"=>"Log in"}
  [1m[36mUser Load (0.6ms)[0m  [1m[34mSELECT "users".* FROM "users" WHERE "users"."email" = ? LIMIT ?[0m  [["email", "yuvi@gmail.com"], ["LIMIT", 1]]
  ↳ app/controllers/sessions_controller.rb:6:in `create'
Redirected to http://127.0.0.1:3000/welcome
Completed 302 Found in 16ms (ActiveRecord: 1.8ms | Allocations: 3380)


Started GET "/welcome" for 127.0.0.1 at 2023-09-19 12:09:51 +0530
Processing by WelcomeController#index as TURBO_STREAM
  Rendering layout layouts/application.html.erb
  Rendering welcome/index.html.erb within layouts/application
  Rendered welcome/index.html.erb within layouts/application (Duration: 0.2ms | Allocations: 106)
  Rendered layout layouts/application.html.erb (Duration: 3.2ms | Allocations: 2508)
Completed 200 OK in 5ms (Views: 4.1ms | ActiveRecord: 0.0ms | Allocations: 3071)


Started GET "/logout" for 127.0.0.1 at 2023-09-19 12:09:56 +0530
  
ActionController::RoutingError (No route matches [GET] "/logout"):
  
Started GET "/logout" for 127.0.0.1 at 2023-09-19 12:11:10 +0530
  
ActionController::RoutingError (No route matches [GET] "/logout"):
  
Started GET "/logout" for 127.0.0.1 at 2023-09-19 12:11:28 +0530
  
ActionController::RoutingError (No route matches [GET] "/logout"):
  
Started GET "/logout" for 127.0.0.1 at 2023-09-19 12:11:28 +0530
  
ActionController::RoutingError (No route matches [GET] "/logout"):
  
Started GET "/logout" for 127.0.0.1 at 2023-09-19 12:11:28 +0530
  
ActionController::RoutingError (No route matches [GET] "/logout"):
  
Started GET "/logout" for 127.0.0.1 at 2023-09-19 12:11:28 +0530
  
ActionController::RoutingError (No route matches [GET] "/logout"):
  
Started GET "/logout" for 127.0.0.1 at 2023-09-19 12:11:28 +0530
  
ActionController::RoutingError (No route matches [GET] "/logout"):
  
Started GET "/logout" for 127.0.0.1 at 2023-09-19 12:11:29 +0530
  
ActionController::RoutingError (No route matches [GET] "/logout"):
  
Started GET "/logout" for 127.0.0.1 at 2023-09-19 12:11:29 +0530
  
ActionController::RoutingError (No route matches [GET] "/logout"):
  
Started GET "/logout" for 127.0.0.1 at 2023-09-19 12:11:29 +0530
  
ActionController::RoutingError (No route matches [GET] "/logout"):
  
Started GET "/logout" for 127.0.0.1 at 2023-09-19 12:11:29 +0530
  
ActionController::RoutingError (No route matches [GET] "/logout"):
  
Started GET "/logout" for 127.0.0.1 at 2023-09-19 12:11:29 +0530
  
ActionController::RoutingError (No route matches [GET] "/logout"):
  
Started GET "/" for 127.0.0.1 at 2023-09-19 12:11:36 +0530
Processing by SessionsController#new as HTML
  Rendering layout layouts/application.html.erb
  Rendering sessions/new.html.erb within layouts/application
  Rendered sessions/new.html.erb within layouts/application (Duration: 2.2ms | Allocations: 736)
  Rendered layout layouts/application.html.erb (Duration: 10.5ms | Allocations: 2860)
Completed 200 OK in 13ms (Views: 11.5ms | ActiveRecord: 0.0ms | Allocations: 3118)


Started POST "/login" for 127.0.0.1 at 2023-09-19 12:11:42 +0530
Processing by SessionsController#create as TURBO_STREAM
  Parameters: {"authenticity_token"=>"[FILTERED]", "session"=>{"email"=>"yuvi@gmail.com", "password"=>"[FILTERED]"}, "commit"=>"Log in"}
  [1m[36mUser Load (0.3ms)[0m  [1m[34mSELECT "users".* FROM "users" WHERE "users"."email" = ? LIMIT ?[0m  [["email", "yuvi@gmail.com"], ["LIMIT", 1]]
  ↳ app/controllers/sessions_controller.rb:6:in `create'
Redirected to http://127.0.0.1:3000/welcome
Completed 302 Found in 4ms (ActiveRecord: 0.3ms | Allocations: 879)


Started GET "/welcome" for 127.0.0.1 at 2023-09-19 12:11:42 +0530
Processing by WelcomeController#index as TURBO_STREAM
  Rendering layout layouts/application.html.erb
  Rendering welcome/index.html.erb within layouts/application
  Rendered welcome/index.html.erb within layouts/application (Duration: 0.2ms | Allocations: 77)
  Rendered layout layouts/application.html.erb (Duration: 3.4ms | Allocations: 2411)
Completed 200 OK in 4ms (Views: 3.8ms | ActiveRecord: 0.0ms | Allocations: 2672)


Started GET "/logout" for 127.0.0.1 at 2023-09-19 12:11:46 +0530
  
ActionController::RoutingError (No route matches [GET] "/logout"):
  
Started GET "/logout" for 127.0.0.1 at 2023-09-19 12:14:10 +0530
  
ActionController::RoutingError (No route matches [GET] "/logout"):
  
Started GET "/logout" for 127.0.0.1 at 2023-09-19 12:14:11 +0530
  
ActionController::RoutingError (No route matches [GET] "/logout"):
  
Started GET "/logout" for 127.0.0.1 at 2023-09-19 12:14:11 +0530
  
ActionController::RoutingError (No route matches [GET] "/logout"):
  
Started GET "/" for 127.0.0.1 at 2023-09-19 12:14:13 +0530
Processing by SessionsController#new as HTML
  Rendering layout layouts/application.html.erb
  Rendering sessions/new.html.erb within layouts/application
  Rendered sessions/new.html.erb within layouts/application (Duration: 4.8ms | Allocations: 1056)
  Rendered layout layouts/application.html.erb (Duration: 10.6ms | Allocations: 3450)
Completed 200 OK in 15ms (Views: 13.3ms | ActiveRecord: 0.0ms | Allocations: 4227)


Started POST "/login" for 127.0.0.1 at 2023-09-19 12:14:17 +0530
Processing by SessionsController#create as TURBO_STREAM
  Parameters: {"authenticity_token"=>"[FILTERED]", "session"=>{"email"=>"yuvi@gmail.com", "password"=>"[FILTERED]"}, "commit"=>"Log in"}
  [1m[36mUser Load (0.3ms)[0m  [1m[34mSELECT "users".* FROM "users" WHERE "users"."email" = ? LIMIT ?[0m  [["email", "yuvi@gmail.com"], ["LIMIT", 1]]
  ↳ app/controllers/sessions_controller.rb:6:in `create'
Redirected to http://127.0.0.1:3000/welcome
Completed 302 Found in 5ms (ActiveRecord: 0.3ms | Allocations: 894)


Started GET "/welcome" for 127.0.0.1 at 2023-09-19 12:14:17 +0530
Processing by WelcomeController#index as TURBO_STREAM
  Rendering layout layouts/application.html.erb
  Rendering welcome/index.html.erb within layouts/application
  Rendered welcome/index.html.erb within layouts/application (Duration: 1.7ms | Allocations: 670)
  Rendered layout layouts/application.html.erb (Duration: 5.1ms | Allocations: 2846)
Completed 200 OK in 9ms (Views: 7.4ms | ActiveRecord: 0.0ms | Allocations: 3455)


Started DELETE "/logout" for 127.0.0.1 at 2023-09-19 12:14:22 +0530
Processing by SessionsController#destroy as TURBO_STREAM
  Parameters: {"authenticity_token"=>"[FILTERED]", "commit"=>"Logout"}
Redirected to http://127.0.0.1:3000/
Completed 302 Found in 2ms (ActiveRecord: 0.0ms | Allocations: 415)


Started GET "/" for 127.0.0.1 at 2023-09-19 12:14:22 +0530
Processing by SessionsController#new as TURBO_STREAM
  Rendering layout layouts/application.html.erb
  Rendering sessions/new.html.erb within layouts/application
  Rendered sessions/new.html.erb within layouts/application (Duration: 1.2ms | Allocations: 742)
  Rendered layout layouts/application.html.erb (Duration: 4.5ms | Allocations: 2847)
Completed 200 OK in 5ms (Views: 4.9ms | ActiveRecord: 0.0ms | Allocations: 3112)


Started POST "/login" for 127.0.0.1 at 2023-09-19 12:14:39 +0530
Processing by SessionsController#create as TURBO_STREAM
  Parameters: {"authenticity_token"=>"[FILTERED]", "session"=>{"email"=>"yuvi@gmail.com", "password"=>"[FILTERED]"}, "commit"=>"Log in"}
  [1m[36mUser Load (0.2ms)[0m  [1m[34mSELECT "users".* FROM "users" WHERE "users"."email" = ? LIMIT ?[0m  [["email", "yuvi@gmail.com"], ["LIMIT", 1]]
  ↳ app/controllers/sessions_controller.rb:6:in `create'
  Rendering layout layouts/application.html.erb
  Rendering sessions/new.html.erb within layouts/application
  Rendered sessions/new.html.erb within layouts/application (Duration: 1.1ms | Allocations: 517)
  Rendered layout layouts/application.html.erb (Duration: 6.2ms | Allocations: 2614)
Completed 200 OK in 10ms (Views: 6.9ms | ActiveRecord: 0.2ms | Allocations: 3624)


Started GET "/" for 127.0.0.1 at 2023-09-19 12:14:41 +0530
Processing by SessionsController#new as HTML
  Rendering layout layouts/application.html.erb
  Rendering sessions/new.html.erb within layouts/application
  Rendered sessions/new.html.erb within layouts/application (Duration: 1.6ms | Allocations: 765)
  Rendered layout layouts/application.html.erb (Duration: 5.7ms | Allocations: 2870)
Completed 200 OK in 7ms (Views: 6.3ms | ActiveRecord: 0.0ms | Allocations: 3128)


Started GET "/" for 127.0.0.1 at 2023-09-19 12:17:06 +0530
Processing by SessionsController#new as HTML
  Rendering layout layouts/application.html.erb
  Rendering sessions/new.html.erb within layouts/application
  Rendered sessions/new.html.erb within layouts/application (Duration: 1.1ms | Allocations: 813)
  Rendered layout layouts/application.html.erb (Duration: 10.2ms | Allocations: 13658)
Completed 200 OK in 12ms (Views: 10.9ms | ActiveRecord: 0.0ms | Allocations: 14180)


Started POST "/login" for 127.0.0.1 at 2023-09-19 12:17:09 +0530
Processing by SessionsController#create as TURBO_STREAM
  Parameters: {"authenticity_token"=>"[FILTERED]", "session"=>{"email"=>"yuvi@gmail.com", "password"=>"[FILTERED]"}, "commit"=>"Log in"}
  [1m[36mUser Load (0.6ms)[0m  [1m[34mSELECT "users".* FROM "users" WHERE "users"."email" = ? LIMIT ?[0m  [["email", "yuvi@gmail.com"], ["LIMIT", 1]]
  ↳ app/controllers/sessions_controller.rb:6:in `create'
Redirected to http://127.0.0.1:3000/login
Completed 302 Found in 15ms (ActiveRecord: 1.9ms | Allocations: 3393)


Started GET "/login" for 127.0.0.1 at 2023-09-19 12:17:09 +0530
Processing by SessionsController#new as TURBO_STREAM
  Rendering layout layouts/application.html.erb
  Rendering sessions/new.html.erb within layouts/application
  Rendered sessions/new.html.erb within layouts/application (Duration: 1.1ms | Allocations: 762)
  Rendered layout layouts/application.html.erb (Duration: 3.6ms | Allocations: 2867)
Completed 200 OK in 4ms (Views: 3.9ms | ActiveRecord: 0.0ms | Allocations: 3129)


Started GET "/login" for 127.0.0.1 at 2023-09-19 12:17:12 +0530
Processing by SessionsController#new as HTML
  Rendering layout layouts/application.html.erb
  Rendering sessions/new.html.erb within layouts/application
  Rendered sessions/new.html.erb within layouts/application (Duration: 2.0ms | Allocations: 742)
  Rendered layout layouts/application.html.erb (Duration: 7.0ms | Allocations: 2847)
Completed 200 OK in 8ms (Views: 7.7ms | ActiveRecord: 0.0ms | Allocations: 3104)


Started POST "/login" for 127.0.0.1 at 2023-09-19 12:17:18 +0530
Processing by SessionsController#create as TURBO_STREAM
  Parameters: {"authenticity_token"=>"[FILTERED]", "session"=>{"email"=>"hjkl", "password"=>"[FILTERED]"}, "commit"=>"Log in"}
  [1m[36mUser Load (0.2ms)[0m  [1m[34mSELECT "users".* FROM "users" WHERE "users"."email" = ? LIMIT ?[0m  [["email", "hjkl"], ["LIMIT", 1]]
  ↳ app/controllers/sessions_controller.rb:6:in `create'
Redirected to http://127.0.0.1:3000/login
Completed 302 Found in 4ms (ActiveRecord: 0.2ms | Allocations: 870)


Started GET "/login" for 127.0.0.1 at 2023-09-19 12:17:18 +0530
Processing by SessionsController#new as TURBO_STREAM
  Rendering layout layouts/application.html.erb
  Rendering sessions/new.html.erb within layouts/application
  Rendered sessions/new.html.erb within layouts/application (Duration: 1.3ms | Allocations: 777)
  Rendered layout layouts/application.html.erb (Duration: 4.3ms | Allocations: 2882)
Completed 200 OK in 5ms (Views: 4.8ms | ActiveRecord: 0.0ms | Allocations: 3144)


Started GET "/login" for 127.0.0.1 at 2023-09-19 12:21:37 +0530
Processing by SessionsController#new as HTML
  Rendering layout layouts/application.html.erb
  Rendering sessions/new.html.erb within layouts/application
  Rendered sessions/new.html.erb within layouts/application (Duration: 1.2ms | Allocations: 1150)
  Rendered layout layouts/application.html.erb (Duration: 9.8ms | Allocations: 14214)
Completed 200 OK in 15ms (Views: 14.0ms | ActiveRecord: 0.0ms | Allocations: 15119)


Started GET "/users/new" for 127.0.0.1 at 2023-09-19 12:21:39 +0530
Processing by UsersController#new as HTML
  Rendering layout layouts/application.html.erb
  Rendering users/new.html.erb within layouts/application
  Rendered users/new.html.erb within layouts/application (Duration: 5.2ms | Allocations: 1535)
  Rendered layout layouts/application.html.erb (Duration: 8.2ms | Allocations: 3715)
Completed 200 OK in 19ms (Views: 10.2ms | ActiveRecord: 1.0ms | Allocations: 6631)


Started POST "/users" for 127.0.0.1 at 2023-09-19 12:21:49 +0530
Processing by UsersController#create as TURBO_STREAM
  Parameters: {"authenticity_token"=>"[FILTERED]", "user"=>{"email"=>"singhyuvi973@gmail.com", "password"=>"[FILTERED]"}, "commit"=>"Sign Up"}
  [1m[36mTRANSACTION (0.1ms)[0m  [1m[36mbegin transaction[0m
  ↳ app/controllers/users_controller.rb:8:in `create'
  [1m[36mUser Exists? (0.5ms)[0m  [1m[34mSELECT 1 AS one FROM "users" WHERE "users"."email" = ? LIMIT ?[0m  [["email", "singhyuvi973@gmail.com"], ["LIMIT", 1]]
  ↳ app/controllers/users_controller.rb:8:in `create'
  [1m[36mUser Create (1.1ms)[0m  [1m[32mINSERT INTO "users" ("email", "created_at", "updated_at", "password") VALUES (?, ?, ?, ?)[0m  [["email", "singhyuvi973@gmail.com"], ["created_at", "2023-09-19 06:51:49.657601"], ["updated_at", "2023-09-19 06:51:49.657601"], ["password", "[FILTERED]"]]
  ↳ app/controllers/users_controller.rb:8:in `create'
  [1m[36mTRANSACTION (0.6ms)[0m  [1m[36mcommit transaction[0m
  ↳ app/controllers/users_controller.rb:8:in `create'
Redirected to http://127.0.0.1:3000/login
Completed 302 Found in 14ms (ActiveRecord: 2.3ms | Allocations: 4477)


Started GET "/login" for 127.0.0.1 at 2023-09-19 12:21:49 +0530
Processing by SessionsController#new as TURBO_STREAM
  Rendering layout layouts/application.html.erb
  Rendering sessions/new.html.erb within layouts/application
  Rendered sessions/new.html.erb within layouts/application (Duration: 1.0ms | Allocations: 795)
  Rendered layout layouts/application.html.erb (Duration: 3.8ms | Allocations: 2900)
Completed 200 OK in 5ms (Views: 4.1ms | ActiveRecord: 0.0ms | Allocations: 3206)


Started POST "/login" for 127.0.0.1 at 2023-09-19 12:22:08 +0530
Processing by SessionsController#create as TURBO_STREAM
  Parameters: {"authenticity_token"=>"[FILTERED]", "session"=>{"email"=>"singhyuvi973@gmail.com", "password"=>"[FILTERED]"}, "commit"=>"Log in"}
  [1m[36mUser Load (0.4ms)[0m  [1m[34mSELECT "users".* FROM "users" WHERE "users"."email" = ? LIMIT ?[0m  [["email", "singhyuvi973@gmail.com"], ["LIMIT", 1]]
  ↳ app/controllers/sessions_controller.rb:6:in `create'
Redirected to http://127.0.0.1:3000/welcome
Completed 302 Found in 5ms (ActiveRecord: 0.4ms | Allocations: 1049)


Started GET "/welcome" for 127.0.0.1 at 2023-09-19 12:22:08 +0530
Processing by WelcomeController#index as TURBO_STREAM
  Rendering layout layouts/application.html.erb
  Rendering welcome/index.html.erb within layouts/application
  Rendered welcome/index.html.erb within layouts/application (Duration: 1.2ms | Allocations: 705)
  Rendered layout layouts/application.html.erb (Duration: 3.7ms | Allocations: 2884)
Completed 200 OK in 6ms (Views: 4.9ms | ActiveRecord: 0.0ms | Allocations: 3529)


Started DELETE "/logout" for 127.0.0.1 at 2023-09-19 12:22:10 +0530
Processing by SessionsController#destroy as TURBO_STREAM
  Parameters: {"authenticity_token"=>"[FILTERED]", "commit"=>"Logout"}
Redirected to http://127.0.0.1:3000/
Completed 302 Found in 2ms (ActiveRecord: 0.0ms | Allocations: 406)


Started GET "/" for 127.0.0.1 at 2023-09-19 12:22:10 +0530
Processing by SessionsController#new as TURBO_STREAM
  Rendering layout layouts/application.html.erb
  Rendering sessions/new.html.erb within layouts/application
  Rendered sessions/new.html.erb within layouts/application (Duration: 1.5ms | Allocations: 772)
  Rendered layout layouts/application.html.erb (Duration: 4.4ms | Allocations: 2877)
Completed 200 OK in 5ms (Views: 4.8ms | ActiveRecord: 0.0ms | Allocations: 3140)


Started GET "/users/new" for 127.0.0.1 at 2023-09-19 12:22:11 +0530
Processing by UsersController#new as HTML
  Rendering layout layouts/application.html.erb
  Rendering users/new.html.erb within layouts/application
  Rendered users/new.html.erb within layouts/application (Duration: 2.3ms | Allocations: 897)
  Rendered layout layouts/application.html.erb (Duration: 7.2ms | Allocations: 3002)
Completed 200 OK in 10ms (Views: 7.9ms | ActiveRecord: 0.0ms | Allocations: 3276)


Started GET "/users/new" for 127.0.0.1 at 2023-09-19 12:22:31 +0530
Processing by UsersController#new as HTML
  Rendering layout layouts/application.html.erb
  Rendering users/new.html.erb within layouts/application
  Rendered users/new.html.erb within layouts/application (Duration: 2.2ms | Allocations: 1168)
  Rendered layout layouts/application.html.erb (Duration: 5.1ms | Allocations: 3543)
Completed 200 OK in 8ms (Views: 7.1ms | ActiveRecord: 0.0ms | Allocations: 4367)


Started GET "/users/new" for 127.0.0.1 at 2023-09-19 12:22:38 +0530
Processing by UsersController#new as HTML
  Rendering layout layouts/application.html.erb
  Rendering users/new.html.erb within layouts/application
  Rendered users/new.html.erb within layouts/application (Duration: 2.5ms | Allocations: 1183)
  Rendered layout layouts/application.html.erb (Duration: 21.1ms | Allocations: 3564)
Completed 200 OK in 26ms (Views: 24.2ms | ActiveRecord: 0.0ms | Allocations: 4390)


Started GET "/users/new" for 127.0.0.1 at 2023-09-19 12:22:39 +0530
Processing by UsersController#new as HTML
  Rendering layout layouts/application.html.erb
  Rendering users/new.html.erb within layouts/application
  Rendered users/new.html.erb within layouts/application (Duration: 3.6ms | Allocations: 888)
  Rendered layout layouts/application.html.erb (Duration: 9.9ms | Allocations: 3001)
Completed 200 OK in 11ms (Views: 10.5ms | ActiveRecord: 0.0ms | Allocations: 3273)


Started GET "/users/new" for 127.0.0.1 at 2023-09-19 12:22:48 +0530
Processing by UsersController#new as HTML
  Rendering layout layouts/application.html.erb
  Rendering users/new.html.erb within layouts/application
  Rendered users/new.html.erb within layouts/application (Duration: 19.4ms | Allocations: 1183)
  Rendered layout layouts/application.html.erb (Duration: 27.8ms | Allocations: 3562)
Completed 200 OK in 43ms (Views: 36.0ms | ActiveRecord: 0.0ms | Allocations: 4389)


Started GET "/users/new" for 127.0.0.1 at 2023-09-19 12:22:49 +0530
Processing by UsersController#new as HTML
  Rendering layout layouts/application.html.erb
  Rendering users/new.html.erb within layouts/application
  Rendered users/new.html.erb within layouts/application (Duration: 1.4ms | Allocations: 897)
  Rendered layout layouts/application.html.erb (Duration: 4.5ms | Allocations: 3007)
Completed 200 OK in 6ms (Views: 5.0ms | ActiveRecord: 0.0ms | Allocations: 3279)


Started GET "/users/new" for 127.0.0.1 at 2023-09-19 12:24:20 +0530
Processing by UsersController#new as HTML
  Rendering layout layouts/application.html.erb
  Rendering users/new.html.erb within layouts/application
  Rendered users/new.html.erb within layouts/application (Duration: 5.3ms | Allocations: 1250)
  Rendered layout layouts/application.html.erb (Duration: 11.3ms | Allocations: 3625)
Completed 200 OK in 18ms (Views: 14.8ms | ActiveRecord: 0.0ms | Allocations: 4449)


Started GET "/" for 127.0.0.1 at 2023-09-19 12:24:21 +0530
Processing by SessionsController#new as HTML
  Rendering layout layouts/application.html.erb
  Rendering sessions/new.html.erb within layouts/application
  Rendered sessions/new.html.erb within layouts/application (Duration: 4.0ms | Allocations: 1117)
  Rendered layout layouts/application.html.erb (Duration: 10.0ms | Allocations: 3294)
Completed 200 OK in 15ms (Views: 13.3ms | ActiveRecord: 0.0ms | Allocations: 3861)


Started GET "/users/new" for 127.0.0.1 at 2023-09-19 12:24:24 +0530
Processing by UsersController#new as HTML
  Rendering layout layouts/application.html.erb
  Rendering users/new.html.erb within layouts/application
  Rendered users/new.html.erb within layouts/application (Duration: 1.5ms | Allocations: 931)
  Rendered layout layouts/application.html.erb (Duration: 5.0ms | Allocations: 3036)
Completed 200 OK in 6ms (Views: 5.5ms | ActiveRecord: 0.0ms | Allocations: 3311)


Started GET "/users/new" for 127.0.0.1 at 2023-09-19 12:24:36 +0530
Processing by UsersController#new as HTML
  Rendering layout layouts/application.html.erb
  Rendering users/new.html.erb within layouts/application
  Rendered users/new.html.erb within layouts/application (Duration: 3.1ms | Allocations: 1229)
  Rendered layout layouts/application.html.erb (Duration: 9.7ms | Allocations: 3604)
Completed 200 OK in 15ms (Views: 13.2ms | ActiveRecord: 0.0ms | Allocations: 4429)


Started GET "/" for 127.0.0.1 at 2023-09-19 12:25:36 +0530
Processing by SessionsController#new as HTML
  Rendering layout layouts/application.html.erb
  Rendering sessions/new.html.erb within layouts/application
  Rendered sessions/new.html.erb within layouts/application (Duration: 4.9ms | Allocations: 1108)
  Rendered layout layouts/application.html.erb (Duration: 10.8ms | Allocations: 3284)
Completed 200 OK in 16ms (Views: 14.0ms | ActiveRecord: 0.0ms | Allocations: 3851)


Started GET "/users/new" for 127.0.0.1 at 2023-09-19 12:27:10 +0530
Processing by UsersController#new as HTML
  Rendering layout layouts/application.html.erb
  Rendering users/new.html.erb within layouts/application
  Rendered users/new.html.erb within layouts/application (Duration: 9.6ms | Allocations: 910)
  Rendered layout layouts/application.html.erb (Duration: 21.6ms | Allocations: 3015)
Completed 200 OK in 28ms (Views: 25.3ms | ActiveRecord: 0.0ms | Allocations: 3290)


Started POST "/users" for 127.0.0.1 at 2023-09-19 12:28:02 +0530
Processing by UsersController#create as TURBO_STREAM
  Parameters: {"authenticity_token"=>"[FILTERED]", "user"=>{"email"=>"priya@gmail.com", "password"=>"[FILTERED]"}, "commit"=>"Sign Up"}
  [1m[36mTRANSACTION (0.0ms)[0m  [1m[36mbegin transaction[0m
  ↳ app/controllers/users_controller.rb:8:in `create'
  [1m[36mUser Exists? (0.2ms)[0m  [1m[34mSELECT 1 AS one FROM "users" WHERE "users"."email" = ? LIMIT ?[0m  [["email", "priya@gmail.com"], ["LIMIT", 1]]
  ↳ app/controllers/users_controller.rb:8:in `create'
  [1m[36mUser Create (0.1ms)[0m  [1m[32mINSERT INTO "users" ("email", "created_at", "updated_at", "password") VALUES (?, ?, ?, ?)[0m  [["email", "priya@gmail.com"], ["created_at", "2023-09-19 06:58:02.366714"], ["updated_at", "2023-09-19 06:58:02.366714"], ["password", "[FILTERED]"]]
  ↳ app/controllers/users_controller.rb:8:in `create'
  [1m[36mTRANSACTION (0.2ms)[0m  [1m[36mcommit transaction[0m
  ↳ app/controllers/users_controller.rb:8:in `create'
Redirected to http://127.0.0.1:3000/users/new
Completed 302 Found in 7ms (ActiveRecord: 0.8ms | Allocations: 5406)


Started GET "/users/new" for 127.0.0.1 at 2023-09-19 12:28:02 +0530
Processing by UsersController#new as TURBO_STREAM
  Rendering layout layouts/application.html.erb
  Rendering users/new.html.erb within layouts/application
  Rendered users/new.html.erb within layouts/application (Duration: 0.7ms | Allocations: 1041)
  Rendered layout layouts/application.html.erb (Duration: 12.6ms | Allocations: 13906)
Completed 200 OK in 13ms (Views: 13.1ms | ActiveRecord: 0.0ms | Allocations: 14459)


Started POST "/users" for 127.0.0.1 at 2023-09-19 12:28:29 +0530
Processing by UsersController#create as TURBO_STREAM
  Parameters: {"authenticity_token"=>"[FILTERED]", "user"=>{"email"=>"ana@gmail.com", "password"=>"[FILTERED]"}, "commit"=>"Sign Up"}
  [1m[36mTRANSACTION (0.0ms)[0m  [1m[36mbegin transaction[0m
  ↳ app/controllers/users_controller.rb:8:in `create'
  [1m[36mUser Exists? (0.2ms)[0m  [1m[34mSELECT 1 AS one FROM "users" WHERE "users"."email" = ? LIMIT ?[0m  [["email", "ana@gmail.com"], ["LIMIT", 1]]
  ↳ app/controllers/users_controller.rb:8:in `create'
  [1m[36mUser Create (0.2ms)[0m  [1m[32mINSERT INTO "users" ("email", "created_at", "updated_at", "password") VALUES (?, ?, ?, ?)[0m  [["email", "ana@gmail.com"], ["created_at", "2023-09-19 06:58:29.979847"], ["updated_at", "2023-09-19 06:58:29.979847"], ["password", "[FILTERED]"]]
  ↳ app/controllers/users_controller.rb:8:in `create'
  [1m[36mTRANSACTION (0.5ms)[0m  [1m[36mcommit transaction[0m
  ↳ app/controllers/users_controller.rb:8:in `create'
Redirected to http://127.0.0.1:3000/users/new
Completed 302 Found in 13ms (ActiveRecord: 1.4ms | Allocations: 5795)


Started GET "/users/new" for 127.0.0.1 at 2023-09-19 12:28:29 +0530
Processing by UsersController#new as TURBO_STREAM
  Rendering layout layouts/application.html.erb
  Rendering users/new.html.erb within layouts/application
  Rendered users/new.html.erb within layouts/application (Duration: 0.8ms | Allocations: 1016)
  Rendered layout layouts/application.html.erb (Duration: 6.8ms | Allocations: 13723)
Completed 200 OK in 8ms (Views: 7.3ms | ActiveRecord: 0.0ms | Allocations: 14232)


Started GET "/" for 127.0.0.1 at 2023-09-19 12:28:32 +0530
Processing by SessionsController#new as HTML
  Rendering layout layouts/application.html.erb
  Rendering sessions/new.html.erb within layouts/application
  Rendered sessions/new.html.erb within layouts/application (Duration: 1.2ms | Allocations: 848)
  Rendered layout layouts/application.html.erb (Duration: 3.9ms | Allocations: 3027)
Completed 200 OK in 6ms (Views: 5.1ms | ActiveRecord: 0.0ms | Allocations: 3545)


Started GET "/" for 127.0.0.1 at 2023-09-19 12:30:09 +0530
Processing by SessionsController#new as HTML
  Rendering layout layouts/application.html.erb
  Rendering sessions/new.html.erb within layouts/application
  Rendered sessions/new.html.erb within layouts/application (Duration: 1.3ms | Allocations: 1161)
  Rendered layout layouts/application.html.erb (Duration: 9.9ms | Allocations: 14225)
Completed 200 OK in 12ms (Views: 10.6ms | ActiveRecord: 0.0ms | Allocations: 15129)


Started GET "/users/new" for 127.0.0.1 at 2023-09-19 12:30:10 +0530
Processing by UsersController#new as HTML
  Rendering layout layouts/application.html.erb
  Rendering users/new.html.erb within layouts/application
  Rendered users/new.html.erb within layouts/application (Duration: 2.9ms | Allocations: 1354)
  Rendered layout layouts/application.html.erb (Duration: 6.1ms | Allocations: 3534)
Completed 200 OK in 19ms (Views: 8.3ms | ActiveRecord: 1.2ms | Allocations: 6391)


Started POST "/users" for 127.0.0.1 at 2023-09-19 12:30:19 +0530
Processing by UsersController#create as TURBO_STREAM
  Parameters: {"authenticity_token"=>"[FILTERED]", "user"=>{"email"=>"doctor1@gmail.com", "password"=>"[FILTERED]"}, "commit"=>"Sign Up"}
  [1m[36mTRANSACTION (0.1ms)[0m  [1m[36mbegin transaction[0m
  ↳ app/controllers/users_controller.rb:8:in `create'
  [1m[36mUser Exists? (0.5ms)[0m  [1m[34mSELECT 1 AS one FROM "users" WHERE "users"."email" = ? LIMIT ?[0m  [["email", "doctor1@gmail.com"], ["LIMIT", 1]]
  ↳ app/controllers/users_controller.rb:8:in `create'
  [1m[36mUser Create (0.6ms)[0m  [1m[32mINSERT INTO "users" ("email", "created_at", "updated_at", "password") VALUES (?, ?, ?, ?)[0m  [["email", "doctor1@gmail.com"], ["created_at", "2023-09-19 07:00:19.697295"], ["updated_at", "2023-09-19 07:00:19.697295"], ["password", "[FILTERED]"]]
  ↳ app/controllers/users_controller.rb:8:in `create'
  [1m[36mTRANSACTION (0.7ms)[0m  [1m[36mcommit transaction[0m
  ↳ app/controllers/users_controller.rb:8:in `create'
Redirected to http://127.0.0.1:3000/users/new
Completed 302 Found in 14ms (ActiveRecord: 2.0ms | Allocations: 3456)


Started GET "/users/new" for 127.0.0.1 at 2023-09-19 12:30:19 +0530
Processing by UsersController#new as TURBO_STREAM
  Rendering layout layouts/application.html.erb
  Rendering users/new.html.erb within layouts/application
  Rendered users/new.html.erb within layouts/application (Duration: 1.8ms | Allocations: 968)
  Rendered layout layouts/application.html.erb (Duration: 4.4ms | Allocations: 3074)
Completed 200 OK in 6ms (Views: 4.9ms | ActiveRecord: 0.0ms | Allocations: 3393)


Started GET "/" for 127.0.0.1 at 2023-09-19 12:30:27 +0530
Processing by SessionsController#new as HTML
  Rendering layout layouts/application.html.erb
  Rendering sessions/new.html.erb within layouts/application
  Rendered sessions/new.html.erb within layouts/application (Duration: 2.4ms | Allocations: 757)
  Rendered layout layouts/application.html.erb (Duration: 9.4ms | Allocations: 2862)
Completed 200 OK in 11ms (Views: 10.2ms | ActiveRecord: 0.0ms | Allocations: 3122)


Started GET "/" for 127.0.0.1 at 2023-09-19 12:39:36 +0530
Processing by SessionsController#new as HTML
  Rendering layout layouts/application.html.erb
  Rendering sessions/new.html.erb within layouts/application
  Rendered sessions/new.html.erb within layouts/application (Duration: 56.8ms | Allocations: 25109)
  Rendered layout layouts/application.html.erb (Duration: 58.3ms | Allocations: 27307)
Completed 200 OK in 65ms (Views: 61.9ms | ActiveRecord: 0.0ms | Allocations: 28121)


Started GET "/" for 127.0.0.1 at 2023-09-19 12:40:35 +0530
Processing by SessionsController#new as HTML
  Rendering layout layouts/application.html.erb
  Rendering sessions/new.html.erb within layouts/application
  Rendered sessions/new.html.erb within layouts/application (Duration: 28.7ms | Allocations: 2676)
  Rendered layout layouts/application.html.erb (Duration: 39.3ms | Allocations: 6383)
Completed 200 OK in 42ms (Views: 40.5ms | ActiveRecord: 0.0ms | Allocations: 6641)


Started GET "/" for 127.0.0.1 at 2023-09-19 12:43:26 +0530
Processing by SessionsController#new as HTML
  Rendering layout layouts/application.html.erb
  Rendering sessions/new.html.erb within layouts/application
  Rendered sessions/new.html.erb within layouts/application (Duration: 4.0ms | Allocations: 1505)
  Rendered layout layouts/application.html.erb (Duration: 13.3ms | Allocations: 5262)
Completed 200 OK in 15ms (Views: 14.2ms | ActiveRecord: 0.0ms | Allocations: 5519)


Started GET "/" for 127.0.0.1 at 2023-09-19 12:43:43 +0530
Processing by SessionsController#new as HTML
  Rendering layout layouts/application.html.erb
  Rendering sessions/new.html.erb within layouts/application
  Rendered sessions/new.html.erb within layouts/application (Duration: 18.6ms | Allocations: 2680)
  Rendered layout layouts/application.html.erb (Duration: 35.3ms | Allocations: 6330)
Completed 200 OK in 38ms (Views: 36.9ms | ActiveRecord: 0.0ms | Allocations: 6587)


Started GET "/" for 127.0.0.1 at 2023-09-19 12:43:43 +0530
Processing by SessionsController#new as HTML
  Rendering layout layouts/application.html.erb
  Rendering sessions/new.html.erb within layouts/application
  Rendered sessions/new.html.erb within layouts/application (Duration: 5.0ms | Allocations: 1491)
  Rendered layout layouts/application.html.erb (Duration: 8.9ms | Allocations: 3443)
Completed 200 OK in 11ms (Views: 9.6ms | ActiveRecord: 0.0ms | Allocations: 3701)


Started GET "/" for 127.0.0.1 at 2023-09-19 12:47:57 +0530
Processing by SessionsController#new as HTML
  Rendering layout layouts/application.html.erb
  Rendering sessions/new.html.erb within layouts/application
  Rendered sessions/new.html.erb within layouts/application (Duration: 38.7ms | Allocations: 3196)
  Rendered layout layouts/application.html.erb (Duration: 66.5ms | Allocations: 7164)
Completed 200 OK in 77ms (Views: 73.7ms | ActiveRecord: 0.0ms | Allocations: 7982)


Started GET "/" for 127.0.0.1 at 2023-09-19 12:49:27 +0530
Processing by SessionsController#new as HTML
  Rendering layout layouts/application.html.erb
  Rendering sessions/new.html.erb within layouts/application
  Rendered sessions/new.html.erb within layouts/application (Duration: 12.0ms | Allocations: 2720)
  Rendered layout layouts/application.html.erb (Duration: 24.2ms | Allocations: 6540)
Completed 200 OK in 27ms (Views: 25.4ms | ActiveRecord: 0.0ms | Allocations: 6798)


Started POST "/login" for 127.0.0.1 at 2023-09-19 12:49:48 +0530
Processing by SessionsController#create as TURBO_STREAM
  Parameters: {"authenticity_token"=>"[FILTERED]", "session"=>{"email"=>"yuvi@gmail.com", "password"=>"[FILTERED]"}, "commit"=>"Log in"}
  [1m[36mUser Load (0.7ms)[0m  [1m[34mSELECT "users".* FROM "users" WHERE "users"."email" = ? LIMIT ?[0m  [["email", "yuvi@gmail.com"], ["LIMIT", 1]]
  ↳ app/controllers/sessions_controller.rb:6:in `create'
Redirected to http://127.0.0.1:3000/welcome
Completed 302 Found in 18ms (ActiveRecord: 3.5ms | Allocations: 1174)


Started GET "/welcome" for 127.0.0.1 at 2023-09-19 12:49:48 +0530
Processing by WelcomeController#index as TURBO_STREAM
  Rendering layout layouts/application.html.erb
  Rendering welcome/index.html.erb within layouts/application
  Rendered welcome/index.html.erb within layouts/application (Duration: 1.5ms | Allocations: 698)
  Rendered layout layouts/application.html.erb (Duration: 4.5ms | Allocations: 2940)
Completed 200 OK in 7ms (Views: 6.5ms | ActiveRecord: 0.0ms | Allocations: 3628)


Started DELETE "/logout" for 127.0.0.1 at 2023-09-19 12:50:08 +0530
Processing by SessionsController#destroy as TURBO_STREAM
  Parameters: {"authenticity_token"=>"[FILTERED]", "commit"=>"Logout"}
Redirected to http://127.0.0.1:3000/
Completed 302 Found in 4ms (ActiveRecord: 0.0ms | Allocations: 412)


Started GET "/" for 127.0.0.1 at 2023-09-19 12:50:08 +0530
Processing by SessionsController#new as TURBO_STREAM
  Rendering layout layouts/application.html.erb
  Rendering sessions/new.html.erb within layouts/application
  Rendered sessions/new.html.erb within layouts/application (Duration: 5.2ms | Allocations: 1546)
  Rendered layout layouts/application.html.erb (Duration: 9.8ms | Allocations: 3500)
Completed 200 OK in 13ms (Views: 12.1ms | ActiveRecord: 0.0ms | Allocations: 3763)


Started GET "/users/new" for 127.0.0.1 at 2023-09-19 12:50:11 +0530
Processing by UsersController#new as HTML
  Rendering layout layouts/application.html.erb
  Rendering users/new.html.erb within layouts/application
  Rendered users/new.html.erb within layouts/application (Duration: 4.4ms | Allocations: 1281)
  Rendered layout layouts/application.html.erb (Duration: 9.8ms | Allocations: 3516)
Completed 200 OK in 16ms (Views: 13.6ms | ActiveRecord: 0.0ms | Allocations: 4094)


Started GET "/users/new" for 127.0.0.1 at 2023-09-19 12:55:30 +0530
Processing by UsersController#new as HTML
  Rendering layout layouts/application.html.erb
  Rendering users/new.html.erb within layouts/application
  Rendered users/new.html.erb within layouts/application (Duration: 52.1ms | Allocations: 25562)
  Rendered layout layouts/application.html.erb (Duration: 56.2ms | Allocations: 27799)
Completed 200 OK in 64ms (Views: 60.4ms | ActiveRecord: 0.0ms | Allocations: 28627)


Started GET "/" for 127.0.0.1 at 2023-09-19 12:55:51 +0530
Processing by SessionsController#new as HTML
  Rendering layout layouts/application.html.erb
  Rendering sessions/new.html.erb within layouts/application
  Rendered sessions/new.html.erb within layouts/application (Duration: 8.6ms | Allocations: 1959)
  Rendered layout layouts/application.html.erb (Duration: 11.9ms | Allocations: 3997)
Completed 200 OK in 18ms (Views: 15.9ms | ActiveRecord: 0.0ms | Allocations: 4563)


Started GET "/users/new" for 127.0.0.1 at 2023-09-19 12:55:53 +0530
Processing by UsersController#new as HTML
  Rendering layout layouts/application.html.erb
  Rendering users/new.html.erb within layouts/application
  Rendered users/new.html.erb within layouts/application (Duration: 3.8ms | Allocations: 1716)
  Rendered layout layouts/application.html.erb (Duration: 6.6ms | Allocations: 3723)
Completed 200 OK in 9ms (Views: 7.2ms | ActiveRecord: 0.0ms | Allocations: 3998)


Started GET "/users/new" for 127.0.0.1 at 2023-09-19 12:59:32 +0530
Processing by UsersController#new as HTML
  Rendering layout layouts/application.html.erb
  Rendering users/new.html.erb within layouts/application
  Rendered users/new.html.erb within layouts/application (Duration: 22.4ms | Allocations: 2925)
  Rendered layout layouts/application.html.erb (Duration: 46.5ms | Allocations: 7236)
Completed 200 OK in 50ms (Views: 47.6ms | ActiveRecord: 0.0ms | Allocations: 7508)


Started GET "/users/new" for 127.0.0.1 at 2023-09-19 12:59:38 +0530
Processing by UsersController#new as HTML
  Rendering layout layouts/application.html.erb
  Rendering users/new.html.erb within layouts/application
  Rendered users/new.html.erb within layouts/application (Duration: 7.1ms | Allocations: 1747)
  Rendered layout layouts/application.html.erb (Duration: 11.9ms | Allocations: 3808)
Completed 200 OK in 18ms (Views: 15.3ms | ActiveRecord: 0.0ms | Allocations: 4080)


Started GET "/users/new" for 127.0.0.1 at 2023-09-19 13:01:25 +0530
Processing by UsersController#new as HTML
  Rendering layout layouts/application.html.erb
  Rendering users/new.html.erb within layouts/application
  Rendered users/new.html.erb within layouts/application (Duration: 17.5ms | Allocations: 3365)
  Rendered layout layouts/application.html.erb (Duration: 34.9ms | Allocations: 7931)
Completed 200 OK in 49ms (Views: 39.4ms | ActiveRecord: 0.0ms | Allocations: 8759)


Started GET "/users/new" for 127.0.0.1 at 2023-09-19 13:01:42 +0530
Processing by UsersController#new as HTML
  Rendering layout layouts/application.html.erb
  Rendering users/new.html.erb within layouts/application
  Rendered users/new.html.erb within layouts/application (Duration: 7.8ms | Allocations: 2172)
  Rendered layout layouts/application.html.erb (Duration: 11.8ms | Allocations: 4409)
Completed 200 OK in 19ms (Views: 15.4ms | ActiveRecord: 0.0ms | Allocations: 5234)


Started GET "/users/new" for 127.0.0.1 at 2023-09-19 13:01:43 +0530
Processing by UsersController#new as HTML
  Rendering layout layouts/application.html.erb
  Rendering users/new.html.erb within layouts/application
  Rendered users/new.html.erb within layouts/application (Duration: 4.7ms | Allocations: 1707)
  Rendered layout layouts/application.html.erb (Duration: 9.1ms | Allocations: 3714)
Completed 200 OK in 11ms (Views: 9.9ms | ActiveRecord: 0.0ms | Allocations: 3986)


Started GET "/users/new" for 127.0.0.1 at 2023-09-19 13:01:43 +0530
Processing by UsersController#new as HTML
  Rendering layout layouts/application.html.erb
  Rendering users/new.html.erb within layouts/application
  Rendered users/new.html.erb within layouts/application (Duration: 3.0ms | Allocations: 1716)
  Rendered layout layouts/application.html.erb (Duration: 6.1ms | Allocations: 3723)
Completed 200 OK in 7ms (Views: 6.5ms | ActiveRecord: 0.0ms | Allocations: 3995)


Started GET "/users/new" for 127.0.0.1 at 2023-09-19 13:01:56 +0530
Processing by UsersController#new as HTML
  Rendering layout layouts/application.html.erb
  Rendering users/new.html.erb within layouts/application
  Rendered users/new.html.erb within layouts/application (Duration: 8.2ms | Allocations: 2163)
  Rendered layout layouts/application.html.erb (Duration: 14.8ms | Allocations: 4400)
Completed 200 OK in 22ms (Views: 18.4ms | ActiveRecord: 0.0ms | Allocations: 5224)


Started GET "/users/new" for 127.0.0.1 at 2023-09-19 13:01:56 +0530
Processing by UsersController#new as HTML
  Rendering layout layouts/application.html.erb
  Rendering users/new.html.erb within layouts/application
  Rendered users/new.html.erb within layouts/application (Duration: 2.6ms | Allocations: 1716)
  Rendered layout layouts/application.html.erb (Duration: 4.8ms | Allocations: 3723)
Completed 200 OK in 6ms (Views: 5.2ms | ActiveRecord: 0.0ms | Allocations: 3995)


Started GET "/users/new" for 127.0.0.1 at 2023-09-19 13:01:56 +0530
Processing by UsersController#new as HTML
  Rendering layout layouts/application.html.erb
  Rendering users/new.html.erb within layouts/application
  Rendered users/new.html.erb within layouts/application (Duration: 3.2ms | Allocations: 1704)
  Rendered layout layouts/application.html.erb (Duration: 7.4ms | Allocations: 3711)
Completed 200 OK in 8ms (Views: 7.9ms | ActiveRecord: 0.0ms | Allocations: 3982)


Started GET "/users/new" for 127.0.0.1 at 2023-09-19 13:02:08 +0530
Processing by UsersController#new as HTML
  Rendering layout layouts/application.html.erb
  Rendering users/new.html.erb within layouts/application
  Rendered users/new.html.erb within layouts/application (Duration: 9.3ms | Allocations: 2173)
  Rendered layout layouts/application.html.erb (Duration: 13.8ms | Allocations: 4410)
Completed 200 OK in 22ms (Views: 18.2ms | ActiveRecord: 0.0ms | Allocations: 5235)


Started GET "/users/new" for 127.0.0.1 at 2023-09-19 13:02:09 +0530
Processing by UsersController#new as HTML
  Rendering layout layouts/application.html.erb
  Rendering users/new.html.erb within layouts/application
  Rendered users/new.html.erb within layouts/application (Duration: 3.4ms | Allocations: 1731)
  Rendered layout layouts/application.html.erb (Duration: 7.0ms | Allocations: 3738)
Completed 200 OK in 8ms (Views: 7.4ms | ActiveRecord: 0.0ms | Allocations: 4010)


Started GET "/users/new" for 127.0.0.1 at 2023-09-19 13:02:09 +0530
Processing by UsersController#new as HTML
  Rendering layout layouts/application.html.erb
  Rendering users/new.html.erb within layouts/application
  Rendered users/new.html.erb within layouts/application (Duration: 2.8ms | Allocations: 1710)
  Rendered layout layouts/application.html.erb (Duration: 5.6ms | Allocations: 3717)
Completed 200 OK in 7ms (Views: 6.1ms | ActiveRecord: 0.0ms | Allocations: 3988)


Started GET "/users/new" for 127.0.0.1 at 2023-09-19 13:02:26 +0530
Processing by UsersController#new as HTML
  Rendering layout layouts/application.html.erb
  Rendering users/new.html.erb within layouts/application
  Rendered users/new.html.erb within layouts/application (Duration: 7.3ms | Allocations: 2153)
  Rendered layout layouts/application.html.erb (Duration: 12.8ms | Allocations: 4390)
Completed 200 OK in 19ms (Views: 16.2ms | ActiveRecord: 0.0ms | Allocations: 5214)


Started GET "/users/new" for 127.0.0.1 at 2023-09-19 13:02:26 +0530
Processing by UsersController#new as HTML
  Rendering layout layouts/application.html.erb
  Rendering users/new.html.erb within layouts/application
  Rendered users/new.html.erb within layouts/application (Duration: 3.2ms | Allocations: 1725)
  Rendered layout layouts/application.html.erb (Duration: 6.3ms | Allocations: 3732)
Completed 200 OK in 7ms (Views: 6.8ms | ActiveRecord: 0.0ms | Allocations: 4004)


Started GET "/users/new" for 127.0.0.1 at 2023-09-19 13:02:27 +0530
Processing by UsersController#new as HTML
  Rendering layout layouts/application.html.erb
  Rendering users/new.html.erb within layouts/application
  Rendered users/new.html.erb within layouts/application (Duration: 13.8ms | Allocations: 1704)
  Rendered layout layouts/application.html.erb (Duration: 16.9ms | Allocations: 3728)
Completed 200 OK in 19ms (Views: 18.0ms | ActiveRecord: 0.0ms | Allocations: 4000)


Started GET "/users/new" for 127.0.0.1 at 2023-09-19 13:03:10 +0530
Processing by UsersController#new as HTML
  Rendering layout layouts/application.html.erb
  Rendering users/new.html.erb within layouts/application
  Rendered users/new.html.erb within layouts/application (Duration: 8.8ms | Allocations: 2168)
  Rendered layout layouts/application.html.erb (Duration: 15.9ms | Allocations: 4412)
Completed 200 OK in 24ms (Views: 20.1ms | ActiveRecord: 0.0ms | Allocations: 5240)


Started GET "/" for 127.0.0.1 at 2023-09-19 13:03:18 +0530
Processing by SessionsController#new as HTML
  Rendering layout layouts/application.html.erb
  Rendering sessions/new.html.erb within layouts/application
  Rendered sessions/new.html.erb within layouts/application (Duration: 6.6ms | Allocations: 1985)
  Rendered layout layouts/application.html.erb (Duration: 9.8ms | Allocations: 4032)
Completed 200 OK in 13ms (Views: 12.0ms | ActiveRecord: 0.0ms | Allocations: 4599)


Started GET "/users/new" for 127.0.0.1 at 2023-09-19 13:03:20 +0530
Processing by UsersController#new as HTML
  Rendering layout layouts/application.html.erb
  Rendering users/new.html.erb within layouts/application
  Rendered users/new.html.erb within layouts/application (Duration: 3.4ms | Allocations: 1731)
  Rendered layout layouts/application.html.erb (Duration: 6.5ms | Allocations: 3738)
Completed 200 OK in 8ms (Views: 7.0ms | ActiveRecord: 0.0ms | Allocations: 4013)


Started GET "/" for 127.0.0.1 at 2023-09-19 13:03:26 +0530
Processing by SessionsController#new as HTML
  Rendering layout layouts/application.html.erb
  Rendering sessions/new.html.erb within layouts/application
  Rendered sessions/new.html.erb within layouts/application (Duration: 2.8ms | Allocations: 1534)
  Rendered layout layouts/application.html.erb (Duration: 5.1ms | Allocations: 3542)
Completed 200 OK in 6ms (Views: 5.6ms | ActiveRecord: 0.0ms | Allocations: 3802)


Started GET "/users/new" for 127.0.0.1 at 2023-09-19 13:03:56 +0530
Processing by UsersController#new as HTML
  Rendering layout layouts/application.html.erb
  Rendering users/new.html.erb within layouts/application
  Rendered users/new.html.erb within layouts/application (Duration: 11.8ms | Allocations: 1707)
  Rendered layout layouts/application.html.erb (Duration: 15.5ms | Allocations: 3714)
Completed 200 OK in 18ms (Views: 16.3ms | ActiveRecord: 0.0ms | Allocations: 3987)


Started GET "/" for 127.0.0.1 at 2023-09-19 13:03:57 +0530
Processing by SessionsController#new as HTML
  Rendering layout layouts/application.html.erb
  Rendering sessions/new.html.erb within layouts/application
  Rendered sessions/new.html.erb within layouts/application (Duration: 2.9ms | Allocations: 1552)
  Rendered layout layouts/application.html.erb (Duration: 6.3ms | Allocations: 3559)
Completed 200 OK in 8ms (Views: 7.0ms | ActiveRecord: 0.0ms | Allocations: 3818)


Started GET "/users/new" for 127.0.0.1 at 2023-09-19 13:04:05 +0530
Processing by UsersController#new as HTML
  Rendering layout layouts/application.html.erb
  Rendering users/new.html.erb within layouts/application
  Rendered users/new.html.erb within layouts/application (Duration: 4.8ms | Allocations: 1719)
  Rendered layout layouts/application.html.erb (Duration: 12.1ms | Allocations: 3726)
Completed 200 OK in 14ms (Views: 12.7ms | ActiveRecord: 0.0ms | Allocations: 4000)


Started GET "/" for 127.0.0.1 at 2023-09-19 13:04:19 +0530
Processing by SessionsController#new as HTML
  Rendering layout layouts/application.html.erb
  Rendering sessions/new.html.erb within layouts/application
  Rendered sessions/new.html.erb within layouts/application (Duration: 4.0ms | Allocations: 1540)
  Rendered layout layouts/application.html.erb (Duration: 7.3ms | Allocations: 3547)
Completed 200 OK in 9ms (Views: 7.9ms | ActiveRecord: 0.0ms | Allocations: 3806)


Started POST "/login" for 127.0.0.1 at 2023-09-19 13:04:25 +0530
Processing by SessionsController#create as TURBO_STREAM
  Parameters: {"authenticity_token"=>"[FILTERED]", "session"=>{"email"=>"yuvi@gmail.com", "password"=>"[FILTERED]"}, "commit"=>"Log in"}
  [1m[36mUser Load (0.4ms)[0m  [1m[34mSELECT "users".* FROM "users" WHERE "users"."email" = ? LIMIT ?[0m  [["email", "yuvi@gmail.com"], ["LIMIT", 1]]
  ↳ app/controllers/sessions_controller.rb:6:in `create'
Redirected to http://127.0.0.1:3000/welcome
Completed 302 Found in 13ms (ActiveRecord: 4.4ms | Allocations: 1026)


Started GET "/welcome" for 127.0.0.1 at 2023-09-19 13:04:25 +0530
Processing by WelcomeController#index as TURBO_STREAM
  Rendering layout layouts/application.html.erb
  Rendering welcome/index.html.erb within layouts/application
  Rendered welcome/index.html.erb within layouts/application (Duration: 2.2ms | Allocations: 669)
  Rendered layout layouts/application.html.erb (Duration: 4.9ms | Allocations: 2958)
Completed 200 OK in 8ms (Views: 7.2ms | ActiveRecord: 0.0ms | Allocations: 3567)


Started DELETE "/logout" for 127.0.0.1 at 2023-09-19 13:04:28 +0530
Processing by SessionsController#destroy as TURBO_STREAM
  Parameters: {"authenticity_token"=>"[FILTERED]", "commit"=>"Logout"}
Redirected to http://127.0.0.1:3000/
Completed 302 Found in 1ms (ActiveRecord: 0.0ms | Allocations: 426)


Started GET "/" for 127.0.0.1 at 2023-09-19 13:04:28 +0530
Processing by SessionsController#new as TURBO_STREAM
  Rendering layout layouts/application.html.erb
  Rendering sessions/new.html.erb within layouts/application
  Rendered sessions/new.html.erb within layouts/application (Duration: 2.4ms | Allocations: 1553)
  Rendered layout layouts/application.html.erb (Duration: 4.1ms | Allocations: 3560)
Completed 200 OK in 5ms (Views: 4.4ms | ActiveRecord: 0.0ms | Allocations: 3824)


